2019-03-07 19:20:54 DEBUG SpringJUnit4ClassRunner:139 - SpringJUnit4ClassRunner constructor called with [class com.spring.aop.UserDaoTest]
2019-03-07 19:20:54 DEBUG BootstrapUtils:96 - Instantiating CacheAwareContextLoaderDelegate from class [org.springframework.test.context.cache.DefaultCacheAwareContextLoaderDelegate]
2019-03-07 19:20:54 DEBUG BootstrapUtils:79 - Instantiating BootstrapContext using constructor [public org.springframework.test.context.support.DefaultBootstrapContext(java.lang.Class,org.springframework.test.context.CacheAwareContextLoaderDelegate)]
2019-03-07 19:20:54 DEBUG BootstrapUtils:132 - Instantiating TestContextBootstrapper for test class [com.spring.aop.UserDaoTest] from class [org.springframework.test.context.support.DefaultTestContextBootstrapper]
2019-03-07 19:20:54 DEBUG AbstractDelegatingSmartContextLoader:263 - Delegating to GenericXmlContextLoader to process context configuration [ContextConfigurationAttributes@c7a4e4 declaringClass = 'com.spring.aop.UserDaoTest', classes = '{}', locations = '{/beans.xml}', inheritLocations = true, initializers = '{}', inheritInitializers = true, name = [null], contextLoaderClass = 'org.springframework.test.context.ContextLoader'].
2019-03-07 19:20:54 DEBUG ActiveProfilesUtils:79 - Could not find an 'annotation declaring class' for annotation type [org.springframework.test.context.ActiveProfiles] and class [com.spring.aop.UserDaoTest]
2019-03-07 19:20:54 DEBUG DefaultTestContextBootstrapper:125 - @TestExecutionListeners is not present for class [com.spring.aop.UserDaoTest]: using defaults.
2019-03-07 19:20:54  INFO DefaultTestContextBootstrapper:248 - Loaded default TestExecutionListener class names from location [META-INF/spring.factories]: [org.springframework.test.context.web.ServletTestExecutionListener, org.springframework.test.context.support.DirtiesContextBeforeModesTestExecutionListener, org.springframework.test.context.support.DependencyInjectionTestExecutionListener, org.springframework.test.context.support.DirtiesContextTestExecutionListener, org.springframework.test.context.transaction.TransactionalTestExecutionListener, org.springframework.test.context.jdbc.SqlScriptsTestExecutionListener]
2019-03-07 19:20:54 DEBUG DefaultTestContextBootstrapper:192 - Skipping candidate TestExecutionListener [org.springframework.test.context.web.ServletTestExecutionListener] due to a missing dependency. Specify custom listener classes or make the default listener classes and their required dependencies available. Offending class: [javax/servlet/ServletContext]
2019-03-07 19:20:54 DEBUG DefaultTestContextBootstrapper:192 - Skipping candidate TestExecutionListener [org.springframework.test.context.transaction.TransactionalTestExecutionListener] due to a missing dependency. Specify custom listener classes or make the default listener classes and their required dependencies available. Offending class: [org/springframework/transaction/TransactionDefinition]
2019-03-07 19:20:54 DEBUG DefaultTestContextBootstrapper:192 - Skipping candidate TestExecutionListener [org.springframework.test.context.jdbc.SqlScriptsTestExecutionListener] due to a missing dependency. Specify custom listener classes or make the default listener classes and their required dependencies available. Offending class: [org/springframework/transaction/interceptor/TransactionAttribute]
2019-03-07 19:20:54  INFO DefaultTestContextBootstrapper:177 - Using TestExecutionListeners: [org.springframework.test.context.support.DirtiesContextBeforeModesTestExecutionListener@13b32d7, org.springframework.test.context.support.DependencyInjectionTestExecutionListener@42a311, org.springframework.test.context.support.DirtiesContextTestExecutionListener@8e7350]
2019-03-07 19:20:54 DEBUG ProfileValueUtils:70 - Retrieved @ProfileValueSourceConfiguration [null] for test class [com.spring.aop.UserDaoTest]
2019-03-07 19:20:54 DEBUG ProfileValueUtils:83 - Retrieved ProfileValueSource type [class org.springframework.test.annotation.SystemProfileValueSource] for class [com.spring.aop.UserDaoTest]
2019-03-07 19:20:54 DEBUG ProfileValueUtils:70 - Retrieved @ProfileValueSourceConfiguration [null] for test class [com.spring.aop.UserDaoTest]
2019-03-07 19:20:54 DEBUG ProfileValueUtils:83 - Retrieved ProfileValueSource type [class org.springframework.test.annotation.SystemProfileValueSource] for class [com.spring.aop.UserDaoTest]
2019-03-07 19:20:54 DEBUG ProfileValueUtils:70 - Retrieved @ProfileValueSourceConfiguration [null] for test class [com.spring.aop.UserDaoTest]
2019-03-07 19:20:54 DEBUG ProfileValueUtils:83 - Retrieved ProfileValueSource type [class org.springframework.test.annotation.SystemProfileValueSource] for class [com.spring.aop.UserDaoTest]
2019-03-07 19:20:54 DEBUG ProfileValueUtils:70 - Retrieved @ProfileValueSourceConfiguration [null] for test class [com.spring.aop.UserDaoTest]
2019-03-07 19:20:54 DEBUG ProfileValueUtils:83 - Retrieved ProfileValueSource type [class org.springframework.test.annotation.SystemProfileValueSource] for class [com.spring.aop.UserDaoTest]
2019-03-07 19:20:54 DEBUG AbstractDirtiesContextTestExecutionListener:142 - Before test class: context [DefaultTestContext@102b3b1 testClass = UserDaoTest, testInstance = [null], testMethod = [null], testException = [null], mergedContextConfiguration = [MergedContextConfiguration@1ea3742 testClass = UserDaoTest, locations = '{classpath:/beans.xml}', classes = '{}', contextInitializerClasses = '[]', activeProfiles = '{}', propertySourceLocations = '{}', propertySourceProperties = '{}', contextCustomizers = set[[empty]], contextLoader = 'org.springframework.test.context.support.DelegatingSmartContextLoader', parent = [null]], attributes = map[[empty]]], class annotated with @DirtiesContext [false] with mode [null].
2019-03-07 19:20:54 DEBUG ProfileValueUtils:70 - Retrieved @ProfileValueSourceConfiguration [null] for test class [com.spring.aop.UserDaoTest]
2019-03-07 19:20:54 DEBUG ProfileValueUtils:83 - Retrieved ProfileValueSource type [class org.springframework.test.annotation.SystemProfileValueSource] for class [com.spring.aop.UserDaoTest]
2019-03-07 19:20:54 DEBUG DependencyInjectionTestExecutionListener:81 - Performing dependency injection for test context [[DefaultTestContext@102b3b1 testClass = UserDaoTest, testInstance = com.spring.aop.UserDaoTest@25a98f, testMethod = [null], testException = [null], mergedContextConfiguration = [MergedContextConfiguration@1ea3742 testClass = UserDaoTest, locations = '{classpath:/beans.xml}', classes = '{}', contextInitializerClasses = '[]', activeProfiles = '{}', propertySourceLocations = '{}', propertySourceProperties = '{}', contextCustomizers = set[[empty]], contextLoader = 'org.springframework.test.context.support.DelegatingSmartContextLoader', parent = [null]], attributes = map[[empty]]]].
2019-03-07 19:20:54 DEBUG AbstractDelegatingSmartContextLoader:273 - Delegating to GenericXmlContextLoader to load context from [MergedContextConfiguration@1ea3742 testClass = UserDaoTest, locations = '{classpath:/beans.xml}', classes = '{}', contextInitializerClasses = '[]', activeProfiles = '{}', propertySourceLocations = '{}', propertySourceProperties = '{}', contextCustomizers = set[[empty]], contextLoader = 'org.springframework.test.context.support.DelegatingSmartContextLoader', parent = [null]].
2019-03-07 19:20:54 DEBUG AbstractGenericContextLoader:109 - Loading ApplicationContext for merged context configuration [[MergedContextConfiguration@1ea3742 testClass = UserDaoTest, locations = '{classpath:/beans.xml}', classes = '{}', contextInitializerClasses = '[]', activeProfiles = '{}', propertySourceLocations = '{}', propertySourceProperties = '{}', contextCustomizers = set[[empty]], contextLoader = 'org.springframework.test.context.support.DelegatingSmartContextLoader', parent = [null]]].
2019-03-07 19:20:54 DEBUG StandardEnvironment:252 - Activating profiles []
2019-03-07 19:20:54 DEBUG XmlBeanDefinitionReader:395 - Loaded 5 bean definitions from class path resource [beans.xml]
2019-03-07 19:20:54 DEBUG GenericApplicationContext:594 - Refreshing org.springframework.context.support.GenericApplicationContext@10143d3
2019-03-07 19:20:55 DEBUG DefaultListableBeanFactory:213 - Creating shared instance of singleton bean 'org.springframework.context.annotation.internalConfigurationAnnotationProcessor'
2019-03-07 19:20:55 DEBUG DefaultListableBeanFactory:213 - Creating shared instance of singleton bean 'org.springframework.context.event.internalEventListenerProcessor'
2019-03-07 19:20:55 DEBUG DefaultListableBeanFactory:213 - Creating shared instance of singleton bean 'org.springframework.context.event.internalEventListenerFactory'
2019-03-07 19:20:55 DEBUG DefaultListableBeanFactory:213 - Creating shared instance of singleton bean 'org.springframework.context.annotation.internalAutowiredAnnotationProcessor'
2019-03-07 19:20:55 DEBUG DefaultListableBeanFactory:213 - Creating shared instance of singleton bean 'org.springframework.context.annotation.internalCommonAnnotationProcessor'
2019-03-07 19:20:55 DEBUG DefaultListableBeanFactory:213 - Creating shared instance of singleton bean 'org.springframework.aop.config.internalAutoProxyCreator'
2019-03-07 19:20:55 DEBUG DefaultListableBeanFactory:213 - Creating shared instance of singleton bean 'userDao'
2019-03-07 19:20:55 DEBUG DefaultListableBeanFactory:213 - Creating shared instance of singleton bean 'org.springframework.aop.aspectj.AspectJPointcutAdvisor#0'
2019-03-07 19:20:55 DEBUG DefaultListableBeanFactory:213 - Creating shared instance of singleton bean 'beforeAdvice'
2019-03-07 19:20:55 DEBUG DefaultCacheAwareContextLoaderDelegate:119 - Storing ApplicationContext in cache under key [[MergedContextConfiguration@1ea3742 testClass = UserDaoTest, locations = '{classpath:/beans.xml}', classes = '{}', contextInitializerClasses = '[]', activeProfiles = '{}', propertySourceLocations = '{}', propertySourceProperties = '{}', contextCustomizers = set[[empty]], contextLoader = 'org.springframework.test.context.support.DelegatingSmartContextLoader', parent = [null]]]
2019-03-07 19:20:55 DEBUG cache:290 - Spring test ApplicationContext cache statistics: [DefaultContextCache@156875e size = 1, maxSize = 32, parentContextCount = 0, hitCount = 0, missCount = 1]
2019-03-07 19:20:55 DEBUG AbstractDirtiesContextTestExecutionListener:107 - Before test method: context [DefaultTestContext@102b3b1 testClass = UserDaoTest, testInstance = com.spring.aop.UserDaoTest@25a98f, testMethod = insert@UserDaoTest, testException = [null], mergedContextConfiguration = [MergedContextConfiguration@1ea3742 testClass = UserDaoTest, locations = '{classpath:/beans.xml}', classes = '{}', contextInitializerClasses = '[]', activeProfiles = '{}', propertySourceLocations = '{}', propertySourceProperties = '{}', contextCustomizers = set[[empty]], contextLoader = 'org.springframework.test.context.support.DelegatingSmartContextLoader', parent = [null]], attributes = map[[empty]]], class annotated with @DirtiesContext [false] with mode [null], method annotated with @DirtiesContext [false] with mode [null].
2019-03-07 19:20:55  INFO MyBeforeAdvice:10 - 连接数据库。。。
2019-03-07 19:20:55  INFO UserDaoImpl:11 - 开始进行插入操作。。。
2019-03-07 19:20:55 DEBUG AbstractDirtiesContextTestExecutionListener:107 - After test method: context [DefaultTestContext@102b3b1 testClass = UserDaoTest, testInstance = com.spring.aop.UserDaoTest@25a98f, testMethod = insert@UserDaoTest, testException = [null], mergedContextConfiguration = [MergedContextConfiguration@1ea3742 testClass = UserDaoTest, locations = '{classpath:/beans.xml}', classes = '{}', contextInitializerClasses = '[]', activeProfiles = '{}', propertySourceLocations = '{}', propertySourceProperties = '{}', contextCustomizers = set[[empty]], contextLoader = 'org.springframework.test.context.support.DelegatingSmartContextLoader', parent = [null]], attributes = map[[empty]]], class annotated with @DirtiesContext [false] with mode [null], method annotated with @DirtiesContext [false] with mode [null].
2019-03-07 19:20:55 DEBUG AbstractDirtiesContextTestExecutionListener:142 - After test class: context [DefaultTestContext@102b3b1 testClass = UserDaoTest, testInstance = [null], testMethod = [null], testException = [null], mergedContextConfiguration = [MergedContextConfiguration@1ea3742 testClass = UserDaoTest, locations = '{classpath:/beans.xml}', classes = '{}', contextInitializerClasses = '[]', activeProfiles = '{}', propertySourceLocations = '{}', propertySourceProperties = '{}', contextCustomizers = set[[empty]], contextLoader = 'org.springframework.test.context.support.DelegatingSmartContextLoader', parent = [null]], attributes = map[[empty]]], class annotated with @DirtiesContext [false] with mode [null].
2019-03-07 19:20:55 DEBUG GenericApplicationContext:1002 - Closing org.springframework.context.support.GenericApplicationContext@10143d3, started on Thu Mar 07 19:20:54 GMT+08:00 2019
2019-03-07 19:23:52  INFO DefaultTestContextBootstrapper:248 - Loaded default TestExecutionListener class names from location [META-INF/spring.factories]: [org.springframework.test.context.web.ServletTestExecutionListener, org.springframework.test.context.support.DirtiesContextBeforeModesTestExecutionListener, org.springframework.test.context.support.DependencyInjectionTestExecutionListener, org.springframework.test.context.support.DirtiesContextTestExecutionListener, org.springframework.test.context.transaction.TransactionalTestExecutionListener, org.springframework.test.context.jdbc.SqlScriptsTestExecutionListener]
2019-03-07 19:23:52  INFO DefaultTestContextBootstrapper:177 - Using TestExecutionListeners: [org.springframework.test.context.support.DirtiesContextBeforeModesTestExecutionListener@5cb137, org.springframework.test.context.support.DependencyInjectionTestExecutionListener@41eaa2, org.springframework.test.context.support.DirtiesContextTestExecutionListener@d62f43]
2019-03-07 19:23:53  INFO MyBeforeAdvice:10 - 连接数据库。。。
2019-03-07 19:23:53  INFO UserDaoImpl:11 - 开始进行插入操作。。。
2019-03-07 19:58:14 DEBUG SpringJUnit4ClassRunner:139 - SpringJUnit4ClassRunner constructor called with [class com.spring.aop.UserDaoTest]
2019-03-07 19:58:14 DEBUG BootstrapUtils:96 - Instantiating CacheAwareContextLoaderDelegate from class [org.springframework.test.context.cache.DefaultCacheAwareContextLoaderDelegate]
2019-03-07 19:58:14 DEBUG BootstrapUtils:79 - Instantiating BootstrapContext using constructor [public org.springframework.test.context.support.DefaultBootstrapContext(java.lang.Class,org.springframework.test.context.CacheAwareContextLoaderDelegate)]
2019-03-07 19:58:14 DEBUG BootstrapUtils:132 - Instantiating TestContextBootstrapper for test class [com.spring.aop.UserDaoTest] from class [org.springframework.test.context.support.DefaultTestContextBootstrapper]
2019-03-07 19:58:14 DEBUG AbstractDelegatingSmartContextLoader:263 - Delegating to GenericXmlContextLoader to process context configuration [ContextConfigurationAttributes@c7a4e4 declaringClass = 'com.spring.aop.UserDaoTest', classes = '{}', locations = '{/bean.xml}', inheritLocations = true, initializers = '{}', inheritInitializers = true, name = [null], contextLoaderClass = 'org.springframework.test.context.ContextLoader'].
2019-03-07 19:58:14 DEBUG ActiveProfilesUtils:79 - Could not find an 'annotation declaring class' for annotation type [org.springframework.test.context.ActiveProfiles] and class [com.spring.aop.UserDaoTest]
2019-03-07 19:58:14 DEBUG DefaultTestContextBootstrapper:125 - @TestExecutionListeners is not present for class [com.spring.aop.UserDaoTest]: using defaults.
2019-03-07 19:58:14  INFO DefaultTestContextBootstrapper:248 - Loaded default TestExecutionListener class names from location [META-INF/spring.factories]: [org.springframework.test.context.web.ServletTestExecutionListener, org.springframework.test.context.support.DirtiesContextBeforeModesTestExecutionListener, org.springframework.test.context.support.DependencyInjectionTestExecutionListener, org.springframework.test.context.support.DirtiesContextTestExecutionListener, org.springframework.test.context.transaction.TransactionalTestExecutionListener, org.springframework.test.context.jdbc.SqlScriptsTestExecutionListener]
2019-03-07 19:58:14 DEBUG DefaultTestContextBootstrapper:192 - Skipping candidate TestExecutionListener [org.springframework.test.context.web.ServletTestExecutionListener] due to a missing dependency. Specify custom listener classes or make the default listener classes and their required dependencies available. Offending class: [javax/servlet/ServletContext]
2019-03-07 19:58:14 DEBUG DefaultTestContextBootstrapper:192 - Skipping candidate TestExecutionListener [org.springframework.test.context.transaction.TransactionalTestExecutionListener] due to a missing dependency. Specify custom listener classes or make the default listener classes and their required dependencies available. Offending class: [org/springframework/transaction/TransactionDefinition]
2019-03-07 19:58:14 DEBUG DefaultTestContextBootstrapper:192 - Skipping candidate TestExecutionListener [org.springframework.test.context.jdbc.SqlScriptsTestExecutionListener] due to a missing dependency. Specify custom listener classes or make the default listener classes and their required dependencies available. Offending class: [org/springframework/transaction/interceptor/TransactionAttribute]
2019-03-07 19:58:14  INFO DefaultTestContextBootstrapper:177 - Using TestExecutionListeners: [org.springframework.test.context.support.DirtiesContextBeforeModesTestExecutionListener@13b32d7, org.springframework.test.context.support.DependencyInjectionTestExecutionListener@42a311, org.springframework.test.context.support.DirtiesContextTestExecutionListener@8e7350]
2019-03-07 19:58:14 DEBUG ProfileValueUtils:70 - Retrieved @ProfileValueSourceConfiguration [null] for test class [com.spring.aop.UserDaoTest]
2019-03-07 19:58:14 DEBUG ProfileValueUtils:83 - Retrieved ProfileValueSource type [class org.springframework.test.annotation.SystemProfileValueSource] for class [com.spring.aop.UserDaoTest]
2019-03-07 19:58:14 DEBUG ProfileValueUtils:70 - Retrieved @ProfileValueSourceConfiguration [null] for test class [com.spring.aop.UserDaoTest]
2019-03-07 19:58:14 DEBUG ProfileValueUtils:83 - Retrieved ProfileValueSource type [class org.springframework.test.annotation.SystemProfileValueSource] for class [com.spring.aop.UserDaoTest]
2019-03-07 19:58:14 DEBUG ProfileValueUtils:70 - Retrieved @ProfileValueSourceConfiguration [null] for test class [com.spring.aop.UserDaoTest]
2019-03-07 19:58:14 DEBUG ProfileValueUtils:83 - Retrieved ProfileValueSource type [class org.springframework.test.annotation.SystemProfileValueSource] for class [com.spring.aop.UserDaoTest]
2019-03-07 19:58:14 DEBUG ProfileValueUtils:70 - Retrieved @ProfileValueSourceConfiguration [null] for test class [com.spring.aop.UserDaoTest]
2019-03-07 19:58:14 DEBUG ProfileValueUtils:83 - Retrieved ProfileValueSource type [class org.springframework.test.annotation.SystemProfileValueSource] for class [com.spring.aop.UserDaoTest]
2019-03-07 19:58:14 DEBUG AbstractDirtiesContextTestExecutionListener:142 - Before test class: context [DefaultTestContext@102b3b1 testClass = UserDaoTest, testInstance = [null], testMethod = [null], testException = [null], mergedContextConfiguration = [MergedContextConfiguration@1ea3742 testClass = UserDaoTest, locations = '{classpath:/bean.xml}', classes = '{}', contextInitializerClasses = '[]', activeProfiles = '{}', propertySourceLocations = '{}', propertySourceProperties = '{}', contextCustomizers = set[[empty]], contextLoader = 'org.springframework.test.context.support.DelegatingSmartContextLoader', parent = [null]], attributes = map[[empty]]], class annotated with @DirtiesContext [false] with mode [null].
2019-03-07 19:58:14 DEBUG ProfileValueUtils:70 - Retrieved @ProfileValueSourceConfiguration [null] for test class [com.spring.aop.UserDaoTest]
2019-03-07 19:58:14 DEBUG ProfileValueUtils:83 - Retrieved ProfileValueSource type [class org.springframework.test.annotation.SystemProfileValueSource] for class [com.spring.aop.UserDaoTest]
2019-03-07 19:58:14 DEBUG DependencyInjectionTestExecutionListener:81 - Performing dependency injection for test context [[DefaultTestContext@102b3b1 testClass = UserDaoTest, testInstance = com.spring.aop.UserDaoTest@25a98f, testMethod = [null], testException = [null], mergedContextConfiguration = [MergedContextConfiguration@1ea3742 testClass = UserDaoTest, locations = '{classpath:/bean.xml}', classes = '{}', contextInitializerClasses = '[]', activeProfiles = '{}', propertySourceLocations = '{}', propertySourceProperties = '{}', contextCustomizers = set[[empty]], contextLoader = 'org.springframework.test.context.support.DelegatingSmartContextLoader', parent = [null]], attributes = map[[empty]]]].
2019-03-07 19:58:14 DEBUG AbstractDelegatingSmartContextLoader:273 - Delegating to GenericXmlContextLoader to load context from [MergedContextConfiguration@1ea3742 testClass = UserDaoTest, locations = '{classpath:/bean.xml}', classes = '{}', contextInitializerClasses = '[]', activeProfiles = '{}', propertySourceLocations = '{}', propertySourceProperties = '{}', contextCustomizers = set[[empty]], contextLoader = 'org.springframework.test.context.support.DelegatingSmartContextLoader', parent = [null]].
2019-03-07 19:58:14 DEBUG AbstractGenericContextLoader:109 - Loading ApplicationContext for merged context configuration [[MergedContextConfiguration@1ea3742 testClass = UserDaoTest, locations = '{classpath:/bean.xml}', classes = '{}', contextInitializerClasses = '[]', activeProfiles = '{}', propertySourceLocations = '{}', propertySourceProperties = '{}', contextCustomizers = set[[empty]], contextLoader = 'org.springframework.test.context.support.DelegatingSmartContextLoader', parent = [null]]].
2019-03-07 19:58:15 DEBUG StandardEnvironment:252 - Activating profiles []
2019-03-07 19:58:15 DEBUG XmlBeanDefinitionReader:395 - Loaded 5 bean definitions from class path resource [bean.xml]
2019-03-07 19:58:15 DEBUG GenericApplicationContext:594 - Refreshing org.springframework.context.support.GenericApplicationContext@10143d3
2019-03-07 19:58:15 DEBUG DefaultListableBeanFactory:213 - Creating shared instance of singleton bean 'org.springframework.context.annotation.internalConfigurationAnnotationProcessor'
2019-03-07 19:58:15 DEBUG DefaultListableBeanFactory:213 - Creating shared instance of singleton bean 'org.springframework.context.event.internalEventListenerProcessor'
2019-03-07 19:58:15 DEBUG DefaultListableBeanFactory:213 - Creating shared instance of singleton bean 'org.springframework.context.event.internalEventListenerFactory'
2019-03-07 19:58:15 DEBUG DefaultListableBeanFactory:213 - Creating shared instance of singleton bean 'org.springframework.context.annotation.internalAutowiredAnnotationProcessor'
2019-03-07 19:58:15 DEBUG DefaultListableBeanFactory:213 - Creating shared instance of singleton bean 'org.springframework.context.annotation.internalCommonAnnotationProcessor'
2019-03-07 19:58:15 DEBUG DefaultListableBeanFactory:213 - Creating shared instance of singleton bean 'org.springframework.aop.config.internalAutoProxyCreator'
2019-03-07 19:58:15 DEBUG DefaultListableBeanFactory:213 - Creating shared instance of singleton bean 'userDao'
2019-03-07 19:58:15 DEBUG DefaultListableBeanFactory:213 - Creating shared instance of singleton bean 'org.springframework.aop.aspectj.AspectJPointcutAdvisor#0'
2019-03-07 19:58:15  WARN GenericApplicationContext:557 - Exception encountered during context initialization - cancelling refresh attempt: org.springframework.beans.factory.BeanCreationException: Error creating bean with name 'userDao' defined in class path resource [bean.xml]: Instantiation of bean failed; nested exception is java.lang.ExceptionInInitializerError
2019-03-07 19:58:15 ERROR TestContextManager:250 - Caught exception while allowing TestExecutionListener [org.springframework.test.context.support.DependencyInjectionTestExecutionListener@42a311] to prepare test instance [com.spring.aop.UserDaoTest@25a98f]
java.lang.IllegalStateException: Failed to load ApplicationContext
	at org.springframework.test.context.cache.DefaultCacheAwareContextLoaderDelegate.loadContext(DefaultCacheAwareContextLoaderDelegate.java:125)
	at org.springframework.test.context.support.DefaultTestContext.getApplicationContext(DefaultTestContext.java:108)
	at org.springframework.test.context.support.DependencyInjectionTestExecutionListener.injectDependencies(DependencyInjectionTestExecutionListener.java:118)
	at org.springframework.test.context.support.DependencyInjectionTestExecutionListener.prepareTestInstance(DependencyInjectionTestExecutionListener.java:83)
	at org.springframework.test.context.TestContextManager.prepareTestInstance(TestContextManager.java:246)
	at org.springframework.test.context.junit4.SpringJUnit4ClassRunner.createTest(SpringJUnit4ClassRunner.java:227)
	at org.springframework.test.context.junit4.SpringJUnit4ClassRunner$1.runReflectiveCall(SpringJUnit4ClassRunner.java:289)
	at org.junit.internal.runners.model.ReflectiveCallable.run(ReflectiveCallable.java:12)
	at org.springframework.test.context.junit4.SpringJUnit4ClassRunner.methodBlock(SpringJUnit4ClassRunner.java:291)
	at org.springframework.test.context.junit4.SpringJUnit4ClassRunner.runChild(SpringJUnit4ClassRunner.java:246)
	at org.springframework.test.context.junit4.SpringJUnit4ClassRunner.runChild(SpringJUnit4ClassRunner.java:97)
	at org.junit.runners.ParentRunner$3.run(ParentRunner.java:290)
	at org.junit.runners.ParentRunner$1.schedule(ParentRunner.java:71)
	at org.junit.runners.ParentRunner.runChildren(ParentRunner.java:288)
	at org.junit.runners.ParentRunner.access$000(ParentRunner.java:58)
	at org.junit.runners.ParentRunner$2.evaluate(ParentRunner.java:268)
	at org.springframework.test.context.junit4.statements.RunBeforeTestClassCallbacks.evaluate(RunBeforeTestClassCallbacks.java:61)
	at org.springframework.test.context.junit4.statements.RunAfterTestClassCallbacks.evaluate(RunAfterTestClassCallbacks.java:70)
	at org.junit.runners.ParentRunner.run(ParentRunner.java:363)
	at org.springframework.test.context.junit4.SpringJUnit4ClassRunner.run(SpringJUnit4ClassRunner.java:190)
	at org.junit.runner.JUnitCore.run(JUnitCore.java:137)
	at com.intellij.junit4.JUnit4IdeaTestRunner.startRunnerWithArgs(JUnit4IdeaTestRunner.java:68)
	at com.intellij.rt.execution.junit.IdeaTestRunner$Repeater.startRunnerWithArgs(IdeaTestRunner.java:47)
	at com.intellij.rt.execution.junit.JUnitStarter.prepareStreamsAndStart(JUnitStarter.java:242)
	at com.intellij.rt.execution.junit.JUnitStarter.main(JUnitStarter.java:70)
Caused by: org.springframework.beans.factory.BeanCreationException: Error creating bean with name 'userDao' defined in class path resource [bean.xml]: Instantiation of bean failed; nested exception is java.lang.ExceptionInInitializerError
	at org.springframework.beans.factory.support.AbstractAutowireCapableBeanFactory.instantiateBean(AbstractAutowireCapableBeanFactory.java:1287)
	at org.springframework.beans.factory.support.AbstractAutowireCapableBeanFactory.createBeanInstance(AbstractAutowireCapableBeanFactory.java:1181)
	at org.springframework.beans.factory.support.AbstractAutowireCapableBeanFactory.doCreateBean(AbstractAutowireCapableBeanFactory.java:555)
	at org.springframework.beans.factory.support.AbstractAutowireCapableBeanFactory.createBean(AbstractAutowireCapableBeanFactory.java:515)
	at org.springframework.beans.factory.support.AbstractBeanFactory.lambda$doGetBean$0(AbstractBeanFactory.java:320)
	at org.springframework.beans.factory.support.DefaultSingletonBeanRegistry.getSingleton(DefaultSingletonBeanRegistry.java:222)
	at org.springframework.beans.factory.support.AbstractBeanFactory.doGetBean(AbstractBeanFactory.java:318)
	at org.springframework.beans.factory.support.AbstractBeanFactory.getBean(AbstractBeanFactory.java:199)
	at org.springframework.beans.factory.support.DefaultListableBeanFactory.preInstantiateSingletons(DefaultListableBeanFactory.java:849)
	at org.springframework.context.support.AbstractApplicationContext.finishBeanFactoryInitialization(AbstractApplicationContext.java:877)
	at org.springframework.context.support.AbstractApplicationContext.refresh(AbstractApplicationContext.java:549)
	at org.springframework.test.context.support.AbstractGenericContextLoader.loadContext(AbstractGenericContextLoader.java:128)
	at org.springframework.test.context.support.AbstractGenericContextLoader.loadContext(AbstractGenericContextLoader.java:60)
	at org.springframework.test.context.support.AbstractDelegatingSmartContextLoader.delegateLoading(AbstractDelegatingSmartContextLoader.java:275)
	at org.springframework.test.context.support.AbstractDelegatingSmartContextLoader.loadContext(AbstractDelegatingSmartContextLoader.java:243)
	at org.springframework.test.context.cache.DefaultCacheAwareContextLoaderDelegate.loadContextInternal(DefaultCacheAwareContextLoaderDelegate.java:99)
	at org.springframework.test.context.cache.DefaultCacheAwareContextLoaderDelegate.loadContext(DefaultCacheAwareContextLoaderDelegate.java:117)
	... 24 more
Caused by: java.lang.ExceptionInInitializerError
	at sun.reflect.NativeConstructorAccessorImpl.newInstance0(Native Method)
	at sun.reflect.NativeConstructorAccessorImpl.newInstance(NativeConstructorAccessorImpl.java:62)
	at sun.reflect.DelegatingConstructorAccessorImpl.newInstance(DelegatingConstructorAccessorImpl.java:45)
	at java.lang.reflect.Constructor.newInstance(Constructor.java:422)
	at org.springframework.beans.BeanUtils.instantiateClass(BeanUtils.java:172)
	at org.springframework.beans.factory.support.SimpleInstantiationStrategy.instantiate(SimpleInstantiationStrategy.java:87)
	at org.springframework.beans.factory.support.AbstractAutowireCapableBeanFactory.instantiateBean(AbstractAutowireCapableBeanFactory.java:1279)
	... 40 more
Caused by: java.lang.ClassCastException: org.slf4j.impl.Log4jLoggerAdapter cannot be cast to java.util.logging.Logger
	at com.spring.aop.UserDaoImpl.<clinit>(UserDaoImpl.java:8)
	... 47 more
2019-03-07 19:58:15 DEBUG AbstractDirtiesContextTestExecutionListener:142 - After test class: context [DefaultTestContext@102b3b1 testClass = UserDaoTest, testInstance = [null], testMethod = [null], testException = [null], mergedContextConfiguration = [MergedContextConfiguration@1ea3742 testClass = UserDaoTest, locations = '{classpath:/bean.xml}', classes = '{}', contextInitializerClasses = '[]', activeProfiles = '{}', propertySourceLocations = '{}', propertySourceProperties = '{}', contextCustomizers = set[[empty]], contextLoader = 'org.springframework.test.context.support.DelegatingSmartContextLoader', parent = [null]], attributes = map[[empty]]], class annotated with @DirtiesContext [false] with mode [null].
2019-03-07 19:59:33  INFO DefaultTestContextBootstrapper:248 - Loaded default TestExecutionListener class names from location [META-INF/spring.factories]: [org.springframework.test.context.web.ServletTestExecutionListener, org.springframework.test.context.support.DirtiesContextBeforeModesTestExecutionListener, org.springframework.test.context.support.DependencyInjectionTestExecutionListener, org.springframework.test.context.support.DirtiesContextTestExecutionListener, org.springframework.test.context.transaction.TransactionalTestExecutionListener, org.springframework.test.context.jdbc.SqlScriptsTestExecutionListener]
2019-03-07 19:59:33  INFO DefaultTestContextBootstrapper:177 - Using TestExecutionListeners: [org.springframework.test.context.support.DirtiesContextBeforeModesTestExecutionListener@5cb137, org.springframework.test.context.support.DependencyInjectionTestExecutionListener@41eaa2, org.springframework.test.context.support.DirtiesContextTestExecutionListener@d62f43]
2019-03-07 19:59:34  WARN GenericApplicationContext:557 - Exception encountered during context initialization - cancelling refresh attempt: org.springframework.beans.factory.BeanCreationException: Error creating bean with name 'userDao' defined in class path resource [bean.xml]: Instantiation of bean failed; nested exception is java.lang.ExceptionInInitializerError
2019-03-07 19:59:34 ERROR TestContextManager:250 - Caught exception while allowing TestExecutionListener [org.springframework.test.context.support.DependencyInjectionTestExecutionListener@41eaa2] to prepare test instance [com.spring.aop.UserDaoTest@19fedbd]
java.lang.IllegalStateException: Failed to load ApplicationContext
	at org.springframework.test.context.cache.DefaultCacheAwareContextLoaderDelegate.loadContext(DefaultCacheAwareContextLoaderDelegate.java:125)
	at org.springframework.test.context.support.DefaultTestContext.getApplicationContext(DefaultTestContext.java:108)
	at org.springframework.test.context.support.DependencyInjectionTestExecutionListener.injectDependencies(DependencyInjectionTestExecutionListener.java:118)
	at org.springframework.test.context.support.DependencyInjectionTestExecutionListener.prepareTestInstance(DependencyInjectionTestExecutionListener.java:83)
	at org.springframework.test.context.TestContextManager.prepareTestInstance(TestContextManager.java:246)
	at org.springframework.test.context.junit4.SpringJUnit4ClassRunner.createTest(SpringJUnit4ClassRunner.java:227)
	at org.springframework.test.context.junit4.SpringJUnit4ClassRunner$1.runReflectiveCall(SpringJUnit4ClassRunner.java:289)
	at org.junit.internal.runners.model.ReflectiveCallable.run(ReflectiveCallable.java:12)
	at org.springframework.test.context.junit4.SpringJUnit4ClassRunner.methodBlock(SpringJUnit4ClassRunner.java:291)
	at org.springframework.test.context.junit4.SpringJUnit4ClassRunner.runChild(SpringJUnit4ClassRunner.java:246)
	at org.springframework.test.context.junit4.SpringJUnit4ClassRunner.runChild(SpringJUnit4ClassRunner.java:97)
	at org.junit.runners.ParentRunner$3.run(ParentRunner.java:290)
	at org.junit.runners.ParentRunner$1.schedule(ParentRunner.java:71)
	at org.junit.runners.ParentRunner.runChildren(ParentRunner.java:288)
	at org.junit.runners.ParentRunner.access$000(ParentRunner.java:58)
	at org.junit.runners.ParentRunner$2.evaluate(ParentRunner.java:268)
	at org.springframework.test.context.junit4.statements.RunBeforeTestClassCallbacks.evaluate(RunBeforeTestClassCallbacks.java:61)
	at org.springframework.test.context.junit4.statements.RunAfterTestClassCallbacks.evaluate(RunAfterTestClassCallbacks.java:70)
	at org.junit.runners.ParentRunner.run(ParentRunner.java:363)
	at org.springframework.test.context.junit4.SpringJUnit4ClassRunner.run(SpringJUnit4ClassRunner.java:190)
	at org.junit.runner.JUnitCore.run(JUnitCore.java:137)
	at com.intellij.junit4.JUnit4IdeaTestRunner.startRunnerWithArgs(JUnit4IdeaTestRunner.java:68)
	at com.intellij.rt.execution.junit.IdeaTestRunner$Repeater.startRunnerWithArgs(IdeaTestRunner.java:47)
	at com.intellij.rt.execution.junit.JUnitStarter.prepareStreamsAndStart(JUnitStarter.java:242)
	at com.intellij.rt.execution.junit.JUnitStarter.main(JUnitStarter.java:70)
Caused by: org.springframework.beans.factory.BeanCreationException: Error creating bean with name 'userDao' defined in class path resource [bean.xml]: Instantiation of bean failed; nested exception is java.lang.ExceptionInInitializerError
	at org.springframework.beans.factory.support.AbstractAutowireCapableBeanFactory.instantiateBean(AbstractAutowireCapableBeanFactory.java:1287)
	at org.springframework.beans.factory.support.AbstractAutowireCapableBeanFactory.createBeanInstance(AbstractAutowireCapableBeanFactory.java:1181)
	at org.springframework.beans.factory.support.AbstractAutowireCapableBeanFactory.doCreateBean(AbstractAutowireCapableBeanFactory.java:555)
	at org.springframework.beans.factory.support.AbstractAutowireCapableBeanFactory.createBean(AbstractAutowireCapableBeanFactory.java:515)
	at org.springframework.beans.factory.support.AbstractBeanFactory.lambda$doGetBean$0(AbstractBeanFactory.java:320)
	at org.springframework.beans.factory.support.DefaultSingletonBeanRegistry.getSingleton(DefaultSingletonBeanRegistry.java:222)
	at org.springframework.beans.factory.support.AbstractBeanFactory.doGetBean(AbstractBeanFactory.java:318)
	at org.springframework.beans.factory.support.AbstractBeanFactory.getBean(AbstractBeanFactory.java:199)
	at org.springframework.beans.factory.support.DefaultListableBeanFactory.preInstantiateSingletons(DefaultListableBeanFactory.java:849)
	at org.springframework.context.support.AbstractApplicationContext.finishBeanFactoryInitialization(AbstractApplicationContext.java:877)
	at org.springframework.context.support.AbstractApplicationContext.refresh(AbstractApplicationContext.java:549)
	at org.springframework.test.context.support.AbstractGenericContextLoader.loadContext(AbstractGenericContextLoader.java:128)
	at org.springframework.test.context.support.AbstractGenericContextLoader.loadContext(AbstractGenericContextLoader.java:60)
	at org.springframework.test.context.support.AbstractDelegatingSmartContextLoader.delegateLoading(AbstractDelegatingSmartContextLoader.java:275)
	at org.springframework.test.context.support.AbstractDelegatingSmartContextLoader.loadContext(AbstractDelegatingSmartContextLoader.java:243)
	at org.springframework.test.context.cache.DefaultCacheAwareContextLoaderDelegate.loadContextInternal(DefaultCacheAwareContextLoaderDelegate.java:99)
	at org.springframework.test.context.cache.DefaultCacheAwareContextLoaderDelegate.loadContext(DefaultCacheAwareContextLoaderDelegate.java:117)
	... 24 more
Caused by: java.lang.ExceptionInInitializerError
	at sun.reflect.NativeConstructorAccessorImpl.newInstance0(Native Method)
	at sun.reflect.NativeConstructorAccessorImpl.newInstance(NativeConstructorAccessorImpl.java:62)
	at sun.reflect.DelegatingConstructorAccessorImpl.newInstance(DelegatingConstructorAccessorImpl.java:45)
	at java.lang.reflect.Constructor.newInstance(Constructor.java:422)
	at org.springframework.beans.BeanUtils.instantiateClass(BeanUtils.java:172)
	at org.springframework.beans.factory.support.SimpleInstantiationStrategy.instantiate(SimpleInstantiationStrategy.java:87)
	at org.springframework.beans.factory.support.AbstractAutowireCapableBeanFactory.instantiateBean(AbstractAutowireCapableBeanFactory.java:1279)
	... 40 more
Caused by: java.lang.ClassCastException: org.slf4j.impl.Log4jLoggerAdapter cannot be cast to java.util.logging.Logger
	at com.spring.aop.UserDaoImpl.<clinit>(UserDaoImpl.java:8)
	... 47 more
2019-03-07 20:11:33  INFO DefaultTestContextBootstrapper:248 - Loaded default TestExecutionListener class names from location [META-INF/spring.factories]: [org.springframework.test.context.web.ServletTestExecutionListener, org.springframework.test.context.support.DirtiesContextBeforeModesTestExecutionListener, org.springframework.test.context.support.DependencyInjectionTestExecutionListener, org.springframework.test.context.support.DirtiesContextTestExecutionListener, org.springframework.test.context.transaction.TransactionalTestExecutionListener, org.springframework.test.context.jdbc.SqlScriptsTestExecutionListener]
2019-03-07 20:11:33  INFO DefaultTestContextBootstrapper:177 - Using TestExecutionListeners: [org.springframework.test.context.support.DirtiesContextBeforeModesTestExecutionListener@5cb137, org.springframework.test.context.support.DependencyInjectionTestExecutionListener@41eaa2, org.springframework.test.context.support.DirtiesContextTestExecutionListener@d62f43]
2019-03-07 20:11:33  WARN GenericApplicationContext:557 - Exception encountered during context initialization - cancelling refresh attempt: org.springframework.beans.factory.BeanCreationException: Error creating bean with name 'userDao' defined in class path resource [bean.xml]: Instantiation of bean failed; nested exception is java.lang.ExceptionInInitializerError
2019-03-07 20:11:33 ERROR TestContextManager:250 - Caught exception while allowing TestExecutionListener [org.springframework.test.context.support.DependencyInjectionTestExecutionListener@41eaa2] to prepare test instance [com.spring.aop.UserDaoTest@19fedbd]
java.lang.IllegalStateException: Failed to load ApplicationContext
	at org.springframework.test.context.cache.DefaultCacheAwareContextLoaderDelegate.loadContext(DefaultCacheAwareContextLoaderDelegate.java:125)
	at org.springframework.test.context.support.DefaultTestContext.getApplicationContext(DefaultTestContext.java:108)
	at org.springframework.test.context.support.DependencyInjectionTestExecutionListener.injectDependencies(DependencyInjectionTestExecutionListener.java:118)
	at org.springframework.test.context.support.DependencyInjectionTestExecutionListener.prepareTestInstance(DependencyInjectionTestExecutionListener.java:83)
	at org.springframework.test.context.TestContextManager.prepareTestInstance(TestContextManager.java:246)
	at org.springframework.test.context.junit4.SpringJUnit4ClassRunner.createTest(SpringJUnit4ClassRunner.java:227)
	at org.springframework.test.context.junit4.SpringJUnit4ClassRunner$1.runReflectiveCall(SpringJUnit4ClassRunner.java:289)
	at org.junit.internal.runners.model.ReflectiveCallable.run(ReflectiveCallable.java:12)
	at org.springframework.test.context.junit4.SpringJUnit4ClassRunner.methodBlock(SpringJUnit4ClassRunner.java:291)
	at org.springframework.test.context.junit4.SpringJUnit4ClassRunner.runChild(SpringJUnit4ClassRunner.java:246)
	at org.springframework.test.context.junit4.SpringJUnit4ClassRunner.runChild(SpringJUnit4ClassRunner.java:97)
	at org.junit.runners.ParentRunner$3.run(ParentRunner.java:290)
	at org.junit.runners.ParentRunner$1.schedule(ParentRunner.java:71)
	at org.junit.runners.ParentRunner.runChildren(ParentRunner.java:288)
	at org.junit.runners.ParentRunner.access$000(ParentRunner.java:58)
	at org.junit.runners.ParentRunner$2.evaluate(ParentRunner.java:268)
	at org.springframework.test.context.junit4.statements.RunBeforeTestClassCallbacks.evaluate(RunBeforeTestClassCallbacks.java:61)
	at org.springframework.test.context.junit4.statements.RunAfterTestClassCallbacks.evaluate(RunAfterTestClassCallbacks.java:70)
	at org.junit.runners.ParentRunner.run(ParentRunner.java:363)
	at org.springframework.test.context.junit4.SpringJUnit4ClassRunner.run(SpringJUnit4ClassRunner.java:190)
	at org.junit.runner.JUnitCore.run(JUnitCore.java:137)
	at com.intellij.junit4.JUnit4IdeaTestRunner.startRunnerWithArgs(JUnit4IdeaTestRunner.java:68)
	at com.intellij.rt.execution.junit.IdeaTestRunner$Repeater.startRunnerWithArgs(IdeaTestRunner.java:47)
	at com.intellij.rt.execution.junit.JUnitStarter.prepareStreamsAndStart(JUnitStarter.java:242)
	at com.intellij.rt.execution.junit.JUnitStarter.main(JUnitStarter.java:70)
Caused by: org.springframework.beans.factory.BeanCreationException: Error creating bean with name 'userDao' defined in class path resource [bean.xml]: Instantiation of bean failed; nested exception is java.lang.ExceptionInInitializerError
	at org.springframework.beans.factory.support.AbstractAutowireCapableBeanFactory.instantiateBean(AbstractAutowireCapableBeanFactory.java:1287)
	at org.springframework.beans.factory.support.AbstractAutowireCapableBeanFactory.createBeanInstance(AbstractAutowireCapableBeanFactory.java:1181)
	at org.springframework.beans.factory.support.AbstractAutowireCapableBeanFactory.doCreateBean(AbstractAutowireCapableBeanFactory.java:555)
	at org.springframework.beans.factory.support.AbstractAutowireCapableBeanFactory.createBean(AbstractAutowireCapableBeanFactory.java:515)
	at org.springframework.beans.factory.support.AbstractBeanFactory.lambda$doGetBean$0(AbstractBeanFactory.java:320)
	at org.springframework.beans.factory.support.DefaultSingletonBeanRegistry.getSingleton(DefaultSingletonBeanRegistry.java:222)
	at org.springframework.beans.factory.support.AbstractBeanFactory.doGetBean(AbstractBeanFactory.java:318)
	at org.springframework.beans.factory.support.AbstractBeanFactory.getBean(AbstractBeanFactory.java:199)
	at org.springframework.beans.factory.support.DefaultListableBeanFactory.preInstantiateSingletons(DefaultListableBeanFactory.java:849)
	at org.springframework.context.support.AbstractApplicationContext.finishBeanFactoryInitialization(AbstractApplicationContext.java:877)
	at org.springframework.context.support.AbstractApplicationContext.refresh(AbstractApplicationContext.java:549)
	at org.springframework.test.context.support.AbstractGenericContextLoader.loadContext(AbstractGenericContextLoader.java:128)
	at org.springframework.test.context.support.AbstractGenericContextLoader.loadContext(AbstractGenericContextLoader.java:60)
	at org.springframework.test.context.support.AbstractDelegatingSmartContextLoader.delegateLoading(AbstractDelegatingSmartContextLoader.java:275)
	at org.springframework.test.context.support.AbstractDelegatingSmartContextLoader.loadContext(AbstractDelegatingSmartContextLoader.java:243)
	at org.springframework.test.context.cache.DefaultCacheAwareContextLoaderDelegate.loadContextInternal(DefaultCacheAwareContextLoaderDelegate.java:99)
	at org.springframework.test.context.cache.DefaultCacheAwareContextLoaderDelegate.loadContext(DefaultCacheAwareContextLoaderDelegate.java:117)
	... 24 more
Caused by: java.lang.ExceptionInInitializerError
	at sun.reflect.NativeConstructorAccessorImpl.newInstance0(Native Method)
	at sun.reflect.NativeConstructorAccessorImpl.newInstance(NativeConstructorAccessorImpl.java:62)
	at sun.reflect.DelegatingConstructorAccessorImpl.newInstance(DelegatingConstructorAccessorImpl.java:45)
	at java.lang.reflect.Constructor.newInstance(Constructor.java:422)
	at org.springframework.beans.BeanUtils.instantiateClass(BeanUtils.java:172)
	at org.springframework.beans.factory.support.SimpleInstantiationStrategy.instantiate(SimpleInstantiationStrategy.java:87)
	at org.springframework.beans.factory.support.AbstractAutowireCapableBeanFactory.instantiateBean(AbstractAutowireCapableBeanFactory.java:1279)
	... 40 more
Caused by: java.lang.ClassCastException: org.slf4j.impl.Log4jLoggerAdapter cannot be cast to java.util.logging.Logger
	at com.spring.aop.UserDaoImpl.<clinit>(UserDaoImpl.java:8)
	... 47 more
2019-03-07 20:12:56  INFO DefaultTestContextBootstrapper:248 - Loaded default TestExecutionListener class names from location [META-INF/spring.factories]: [org.springframework.test.context.web.ServletTestExecutionListener, org.springframework.test.context.support.DirtiesContextBeforeModesTestExecutionListener, org.springframework.test.context.support.DependencyInjectionTestExecutionListener, org.springframework.test.context.support.DirtiesContextTestExecutionListener, org.springframework.test.context.transaction.TransactionalTestExecutionListener, org.springframework.test.context.jdbc.SqlScriptsTestExecutionListener]
2019-03-07 20:12:56  INFO DefaultTestContextBootstrapper:177 - Using TestExecutionListeners: [org.springframework.test.context.support.DirtiesContextBeforeModesTestExecutionListener@5cb137, org.springframework.test.context.support.DependencyInjectionTestExecutionListener@41eaa2, org.springframework.test.context.support.DirtiesContextTestExecutionListener@d62f43]
2019-03-07 20:12:57  WARN GenericApplicationContext:557 - Exception encountered during context initialization - cancelling refresh attempt: org.springframework.beans.factory.BeanCreationException: Error creating bean with name 'beforeAdvice' defined in class path resource [bean.xml]: Instantiation of bean failed; nested exception is java.lang.ExceptionInInitializerError
2019-03-07 20:12:57 ERROR TestContextManager:250 - Caught exception while allowing TestExecutionListener [org.springframework.test.context.support.DependencyInjectionTestExecutionListener@41eaa2] to prepare test instance [com.spring.aop.UserDaoTest@1883b97]
java.lang.IllegalStateException: Failed to load ApplicationContext
	at org.springframework.test.context.cache.DefaultCacheAwareContextLoaderDelegate.loadContext(DefaultCacheAwareContextLoaderDelegate.java:125)
	at org.springframework.test.context.support.DefaultTestContext.getApplicationContext(DefaultTestContext.java:108)
	at org.springframework.test.context.support.DependencyInjectionTestExecutionListener.injectDependencies(DependencyInjectionTestExecutionListener.java:118)
	at org.springframework.test.context.support.DependencyInjectionTestExecutionListener.prepareTestInstance(DependencyInjectionTestExecutionListener.java:83)
	at org.springframework.test.context.TestContextManager.prepareTestInstance(TestContextManager.java:246)
	at org.springframework.test.context.junit4.SpringJUnit4ClassRunner.createTest(SpringJUnit4ClassRunner.java:227)
	at org.springframework.test.context.junit4.SpringJUnit4ClassRunner$1.runReflectiveCall(SpringJUnit4ClassRunner.java:289)
	at org.junit.internal.runners.model.ReflectiveCallable.run(ReflectiveCallable.java:12)
	at org.springframework.test.context.junit4.SpringJUnit4ClassRunner.methodBlock(SpringJUnit4ClassRunner.java:291)
	at org.springframework.test.context.junit4.SpringJUnit4ClassRunner.runChild(SpringJUnit4ClassRunner.java:246)
	at org.springframework.test.context.junit4.SpringJUnit4ClassRunner.runChild(SpringJUnit4ClassRunner.java:97)
	at org.junit.runners.ParentRunner$3.run(ParentRunner.java:290)
	at org.junit.runners.ParentRunner$1.schedule(ParentRunner.java:71)
	at org.junit.runners.ParentRunner.runChildren(ParentRunner.java:288)
	at org.junit.runners.ParentRunner.access$000(ParentRunner.java:58)
	at org.junit.runners.ParentRunner$2.evaluate(ParentRunner.java:268)
	at org.springframework.test.context.junit4.statements.RunBeforeTestClassCallbacks.evaluate(RunBeforeTestClassCallbacks.java:61)
	at org.springframework.test.context.junit4.statements.RunAfterTestClassCallbacks.evaluate(RunAfterTestClassCallbacks.java:70)
	at org.junit.runners.ParentRunner.run(ParentRunner.java:363)
	at org.springframework.test.context.junit4.SpringJUnit4ClassRunner.run(SpringJUnit4ClassRunner.java:190)
	at org.junit.runner.JUnitCore.run(JUnitCore.java:137)
	at com.intellij.junit4.JUnit4IdeaTestRunner.startRunnerWithArgs(JUnit4IdeaTestRunner.java:68)
	at com.intellij.rt.execution.junit.IdeaTestRunner$Repeater.startRunnerWithArgs(IdeaTestRunner.java:47)
	at com.intellij.rt.execution.junit.JUnitStarter.prepareStreamsAndStart(JUnitStarter.java:242)
	at com.intellij.rt.execution.junit.JUnitStarter.main(JUnitStarter.java:70)
Caused by: org.springframework.beans.factory.BeanCreationException: Error creating bean with name 'beforeAdvice' defined in class path resource [bean.xml]: Instantiation of bean failed; nested exception is java.lang.ExceptionInInitializerError
	at org.springframework.beans.factory.support.AbstractAutowireCapableBeanFactory.instantiateBean(AbstractAutowireCapableBeanFactory.java:1287)
	at org.springframework.beans.factory.support.AbstractAutowireCapableBeanFactory.createBeanInstance(AbstractAutowireCapableBeanFactory.java:1181)
	at org.springframework.beans.factory.support.AbstractAutowireCapableBeanFactory.doCreateBean(AbstractAutowireCapableBeanFactory.java:555)
	at org.springframework.beans.factory.support.AbstractAutowireCapableBeanFactory.createBean(AbstractAutowireCapableBeanFactory.java:515)
	at org.springframework.beans.factory.support.AbstractBeanFactory.lambda$doGetBean$0(AbstractBeanFactory.java:320)
	at org.springframework.beans.factory.support.DefaultSingletonBeanRegistry.getSingleton(DefaultSingletonBeanRegistry.java:222)
	at org.springframework.beans.factory.support.AbstractBeanFactory.doGetBean(AbstractBeanFactory.java:318)
	at org.springframework.beans.factory.support.AbstractBeanFactory.getBean(AbstractBeanFactory.java:199)
	at org.springframework.beans.factory.support.DefaultListableBeanFactory.preInstantiateSingletons(DefaultListableBeanFactory.java:849)
	at org.springframework.context.support.AbstractApplicationContext.finishBeanFactoryInitialization(AbstractApplicationContext.java:877)
	at org.springframework.context.support.AbstractApplicationContext.refresh(AbstractApplicationContext.java:549)
	at org.springframework.test.context.support.AbstractGenericContextLoader.loadContext(AbstractGenericContextLoader.java:128)
	at org.springframework.test.context.support.AbstractGenericContextLoader.loadContext(AbstractGenericContextLoader.java:60)
	at org.springframework.test.context.support.AbstractDelegatingSmartContextLoader.delegateLoading(AbstractDelegatingSmartContextLoader.java:275)
	at org.springframework.test.context.support.AbstractDelegatingSmartContextLoader.loadContext(AbstractDelegatingSmartContextLoader.java:243)
	at org.springframework.test.context.cache.DefaultCacheAwareContextLoaderDelegate.loadContextInternal(DefaultCacheAwareContextLoaderDelegate.java:99)
	at org.springframework.test.context.cache.DefaultCacheAwareContextLoaderDelegate.loadContext(DefaultCacheAwareContextLoaderDelegate.java:117)
	... 24 more
Caused by: java.lang.ExceptionInInitializerError
	at sun.reflect.NativeConstructorAccessorImpl.newInstance0(Native Method)
	at sun.reflect.NativeConstructorAccessorImpl.newInstance(NativeConstructorAccessorImpl.java:62)
	at sun.reflect.DelegatingConstructorAccessorImpl.newInstance(DelegatingConstructorAccessorImpl.java:45)
	at java.lang.reflect.Constructor.newInstance(Constructor.java:422)
	at org.springframework.beans.BeanUtils.instantiateClass(BeanUtils.java:172)
	at org.springframework.beans.factory.support.SimpleInstantiationStrategy.instantiate(SimpleInstantiationStrategy.java:87)
	at org.springframework.beans.factory.support.AbstractAutowireCapableBeanFactory.instantiateBean(AbstractAutowireCapableBeanFactory.java:1279)
	... 40 more
Caused by: java.lang.ClassCastException: org.slf4j.impl.Log4jLoggerAdapter cannot be cast to java.util.logging.Logger
	at com.spring.aop.BeforeAdvice.<clinit>(BeforeAdvice.java:8)
	... 47 more
2019-03-07 20:13:48  INFO DefaultTestContextBootstrapper:248 - Loaded default TestExecutionListener class names from location [META-INF/spring.factories]: [org.springframework.test.context.web.ServletTestExecutionListener, org.springframework.test.context.support.DirtiesContextBeforeModesTestExecutionListener, org.springframework.test.context.support.DependencyInjectionTestExecutionListener, org.springframework.test.context.support.DirtiesContextTestExecutionListener, org.springframework.test.context.transaction.TransactionalTestExecutionListener, org.springframework.test.context.jdbc.SqlScriptsTestExecutionListener]
2019-03-07 20:13:48  INFO DefaultTestContextBootstrapper:177 - Using TestExecutionListeners: [org.springframework.test.context.support.DirtiesContextBeforeModesTestExecutionListener@5cb137, org.springframework.test.context.support.DependencyInjectionTestExecutionListener@41eaa2, org.springframework.test.context.support.DirtiesContextTestExecutionListener@d62f43]
2019-03-07 20:13:49  INFO MyBeforeAdvice:10 - 连接数据库。。。
2019-03-07 20:13:49  INFO UserDaoImpl:11 - 开始进行插入操作。。。
2019-03-07 20:28:41 DEBUG SpringJUnit4ClassRunner:139 - SpringJUnit4ClassRunner constructor called with [class com.spring.aop.UserDaoTest]
2019-03-07 20:28:41 DEBUG BootstrapUtils:96 - Instantiating CacheAwareContextLoaderDelegate from class [org.springframework.test.context.cache.DefaultCacheAwareContextLoaderDelegate]
2019-03-07 20:28:41 DEBUG BootstrapUtils:79 - Instantiating BootstrapContext using constructor [public org.springframework.test.context.support.DefaultBootstrapContext(java.lang.Class,org.springframework.test.context.CacheAwareContextLoaderDelegate)]
2019-03-07 20:28:41 DEBUG BootstrapUtils:132 - Instantiating TestContextBootstrapper for test class [com.spring.aop.UserDaoTest] from class [org.springframework.test.context.support.DefaultTestContextBootstrapper]
2019-03-07 20:28:41 DEBUG AbstractDelegatingSmartContextLoader:263 - Delegating to GenericXmlContextLoader to process context configuration [ContextConfigurationAttributes@c7a4e4 declaringClass = 'com.spring.aop.UserDaoTest', classes = '{}', locations = '{/bean.xml}', inheritLocations = true, initializers = '{}', inheritInitializers = true, name = [null], contextLoaderClass = 'org.springframework.test.context.ContextLoader'].
2019-03-07 20:28:41 DEBUG ActiveProfilesUtils:79 - Could not find an 'annotation declaring class' for annotation type [org.springframework.test.context.ActiveProfiles] and class [com.spring.aop.UserDaoTest]
2019-03-07 20:28:41 DEBUG DefaultTestContextBootstrapper:125 - @TestExecutionListeners is not present for class [com.spring.aop.UserDaoTest]: using defaults.
2019-03-07 20:28:41  INFO DefaultTestContextBootstrapper:248 - Loaded default TestExecutionListener class names from location [META-INF/spring.factories]: [org.springframework.test.context.web.ServletTestExecutionListener, org.springframework.test.context.support.DirtiesContextBeforeModesTestExecutionListener, org.springframework.test.context.support.DependencyInjectionTestExecutionListener, org.springframework.test.context.support.DirtiesContextTestExecutionListener, org.springframework.test.context.transaction.TransactionalTestExecutionListener, org.springframework.test.context.jdbc.SqlScriptsTestExecutionListener]
2019-03-07 20:28:41 DEBUG DefaultTestContextBootstrapper:192 - Skipping candidate TestExecutionListener [org.springframework.test.context.web.ServletTestExecutionListener] due to a missing dependency. Specify custom listener classes or make the default listener classes and their required dependencies available. Offending class: [javax/servlet/ServletContext]
2019-03-07 20:28:41 DEBUG DefaultTestContextBootstrapper:192 - Skipping candidate TestExecutionListener [org.springframework.test.context.transaction.TransactionalTestExecutionListener] due to a missing dependency. Specify custom listener classes or make the default listener classes and their required dependencies available. Offending class: [org/springframework/transaction/TransactionDefinition]
2019-03-07 20:28:41 DEBUG DefaultTestContextBootstrapper:192 - Skipping candidate TestExecutionListener [org.springframework.test.context.jdbc.SqlScriptsTestExecutionListener] due to a missing dependency. Specify custom listener classes or make the default listener classes and their required dependencies available. Offending class: [org/springframework/transaction/interceptor/TransactionAttribute]
2019-03-07 20:28:41  INFO DefaultTestContextBootstrapper:177 - Using TestExecutionListeners: [org.springframework.test.context.support.DirtiesContextBeforeModesTestExecutionListener@13b32d7, org.springframework.test.context.support.DependencyInjectionTestExecutionListener@42a311, org.springframework.test.context.support.DirtiesContextTestExecutionListener@8e7350]
2019-03-07 20:28:41 DEBUG ProfileValueUtils:70 - Retrieved @ProfileValueSourceConfiguration [null] for test class [com.spring.aop.UserDaoTest]
2019-03-07 20:28:41 DEBUG ProfileValueUtils:83 - Retrieved ProfileValueSource type [class org.springframework.test.annotation.SystemProfileValueSource] for class [com.spring.aop.UserDaoTest]
2019-03-07 20:28:41 DEBUG ProfileValueUtils:70 - Retrieved @ProfileValueSourceConfiguration [null] for test class [com.spring.aop.UserDaoTest]
2019-03-07 20:28:41 DEBUG ProfileValueUtils:83 - Retrieved ProfileValueSource type [class org.springframework.test.annotation.SystemProfileValueSource] for class [com.spring.aop.UserDaoTest]
2019-03-07 20:28:41 DEBUG ProfileValueUtils:70 - Retrieved @ProfileValueSourceConfiguration [null] for test class [com.spring.aop.UserDaoTest]
2019-03-07 20:28:41 DEBUG ProfileValueUtils:83 - Retrieved ProfileValueSource type [class org.springframework.test.annotation.SystemProfileValueSource] for class [com.spring.aop.UserDaoTest]
2019-03-07 20:28:41 DEBUG ProfileValueUtils:70 - Retrieved @ProfileValueSourceConfiguration [null] for test class [com.spring.aop.UserDaoTest]
2019-03-07 20:28:41 DEBUG ProfileValueUtils:83 - Retrieved ProfileValueSource type [class org.springframework.test.annotation.SystemProfileValueSource] for class [com.spring.aop.UserDaoTest]
2019-03-07 20:28:41 DEBUG AbstractDirtiesContextTestExecutionListener:142 - Before test class: context [DefaultTestContext@102b3b1 testClass = UserDaoTest, testInstance = [null], testMethod = [null], testException = [null], mergedContextConfiguration = [MergedContextConfiguration@1ea3742 testClass = UserDaoTest, locations = '{classpath:/bean.xml}', classes = '{}', contextInitializerClasses = '[]', activeProfiles = '{}', propertySourceLocations = '{}', propertySourceProperties = '{}', contextCustomizers = set[[empty]], contextLoader = 'org.springframework.test.context.support.DelegatingSmartContextLoader', parent = [null]], attributes = map[[empty]]], class annotated with @DirtiesContext [false] with mode [null].
2019-03-07 20:28:41 DEBUG ProfileValueUtils:70 - Retrieved @ProfileValueSourceConfiguration [null] for test class [com.spring.aop.UserDaoTest]
2019-03-07 20:28:41 DEBUG ProfileValueUtils:83 - Retrieved ProfileValueSource type [class org.springframework.test.annotation.SystemProfileValueSource] for class [com.spring.aop.UserDaoTest]
2019-03-07 20:28:41 DEBUG DependencyInjectionTestExecutionListener:81 - Performing dependency injection for test context [[DefaultTestContext@102b3b1 testClass = UserDaoTest, testInstance = com.spring.aop.UserDaoTest@25a98f, testMethod = [null], testException = [null], mergedContextConfiguration = [MergedContextConfiguration@1ea3742 testClass = UserDaoTest, locations = '{classpath:/bean.xml}', classes = '{}', contextInitializerClasses = '[]', activeProfiles = '{}', propertySourceLocations = '{}', propertySourceProperties = '{}', contextCustomizers = set[[empty]], contextLoader = 'org.springframework.test.context.support.DelegatingSmartContextLoader', parent = [null]], attributes = map[[empty]]]].
2019-03-07 20:28:41 DEBUG AbstractDelegatingSmartContextLoader:273 - Delegating to GenericXmlContextLoader to load context from [MergedContextConfiguration@1ea3742 testClass = UserDaoTest, locations = '{classpath:/bean.xml}', classes = '{}', contextInitializerClasses = '[]', activeProfiles = '{}', propertySourceLocations = '{}', propertySourceProperties = '{}', contextCustomizers = set[[empty]], contextLoader = 'org.springframework.test.context.support.DelegatingSmartContextLoader', parent = [null]].
2019-03-07 20:28:41 DEBUG AbstractGenericContextLoader:109 - Loading ApplicationContext for merged context configuration [[MergedContextConfiguration@1ea3742 testClass = UserDaoTest, locations = '{classpath:/bean.xml}', classes = '{}', contextInitializerClasses = '[]', activeProfiles = '{}', propertySourceLocations = '{}', propertySourceProperties = '{}', contextCustomizers = set[[empty]], contextLoader = 'org.springframework.test.context.support.DelegatingSmartContextLoader', parent = [null]]].
2019-03-07 20:28:41 DEBUG StandardEnvironment:252 - Activating profiles []
2019-03-07 20:28:42 DEBUG XmlBeanDefinitionReader:395 - Loaded 5 bean definitions from class path resource [bean.xml]
2019-03-07 20:28:42 DEBUG GenericApplicationContext:594 - Refreshing org.springframework.context.support.GenericApplicationContext@10143d3
2019-03-07 20:28:42 DEBUG DefaultListableBeanFactory:213 - Creating shared instance of singleton bean 'org.springframework.context.annotation.internalConfigurationAnnotationProcessor'
2019-03-07 20:28:42 DEBUG DefaultListableBeanFactory:213 - Creating shared instance of singleton bean 'org.springframework.context.event.internalEventListenerProcessor'
2019-03-07 20:28:42 DEBUG DefaultListableBeanFactory:213 - Creating shared instance of singleton bean 'org.springframework.context.event.internalEventListenerFactory'
2019-03-07 20:28:42 DEBUG DefaultListableBeanFactory:213 - Creating shared instance of singleton bean 'org.springframework.context.annotation.internalAutowiredAnnotationProcessor'
2019-03-07 20:28:42 DEBUG DefaultListableBeanFactory:213 - Creating shared instance of singleton bean 'org.springframework.context.annotation.internalCommonAnnotationProcessor'
2019-03-07 20:28:42 DEBUG DefaultListableBeanFactory:213 - Creating shared instance of singleton bean 'org.springframework.aop.config.internalAutoProxyCreator'
2019-03-07 20:28:42 DEBUG DefaultListableBeanFactory:213 - Creating shared instance of singleton bean 'userDao'
2019-03-07 20:28:42 DEBUG DefaultListableBeanFactory:213 - Creating shared instance of singleton bean 'org.springframework.aop.aspectj.AspectJPointcutAdvisor#0'
2019-03-07 20:28:42 DEBUG DefaultListableBeanFactory:213 - Creating shared instance of singleton bean 'beforeAdvice'
2019-03-07 20:28:42 DEBUG DefaultCacheAwareContextLoaderDelegate:119 - Storing ApplicationContext in cache under key [[MergedContextConfiguration@1ea3742 testClass = UserDaoTest, locations = '{classpath:/bean.xml}', classes = '{}', contextInitializerClasses = '[]', activeProfiles = '{}', propertySourceLocations = '{}', propertySourceProperties = '{}', contextCustomizers = set[[empty]], contextLoader = 'org.springframework.test.context.support.DelegatingSmartContextLoader', parent = [null]]]
2019-03-07 20:28:42 DEBUG cache:290 - Spring test ApplicationContext cache statistics: [DefaultContextCache@156875e size = 1, maxSize = 32, parentContextCount = 0, hitCount = 0, missCount = 1]
2019-03-07 20:28:42 DEBUG AbstractDirtiesContextTestExecutionListener:107 - Before test method: context [DefaultTestContext@102b3b1 testClass = UserDaoTest, testInstance = com.spring.aop.UserDaoTest@25a98f, testMethod = insert@UserDaoTest, testException = [null], mergedContextConfiguration = [MergedContextConfiguration@1ea3742 testClass = UserDaoTest, locations = '{classpath:/bean.xml}', classes = '{}', contextInitializerClasses = '[]', activeProfiles = '{}', propertySourceLocations = '{}', propertySourceProperties = '{}', contextCustomizers = set[[empty]], contextLoader = 'org.springframework.test.context.support.DelegatingSmartContextLoader', parent = [null]], attributes = map[[empty]]], class annotated with @DirtiesContext [false] with mode [null], method annotated with @DirtiesContext [false] with mode [null].
2019-03-07 20:28:42  INFO UserDaoImpl:9 - 连接数据库。。。
2019-03-07 20:28:42  INFO UserDaoImpl:10 - 开始进行插入操作。。。
2019-03-07 20:28:42 DEBUG AbstractDirtiesContextTestExecutionListener:107 - After test method: context [DefaultTestContext@102b3b1 testClass = UserDaoTest, testInstance = com.spring.aop.UserDaoTest@25a98f, testMethod = insert@UserDaoTest, testException = [null], mergedContextConfiguration = [MergedContextConfiguration@1ea3742 testClass = UserDaoTest, locations = '{classpath:/bean.xml}', classes = '{}', contextInitializerClasses = '[]', activeProfiles = '{}', propertySourceLocations = '{}', propertySourceProperties = '{}', contextCustomizers = set[[empty]], contextLoader = 'org.springframework.test.context.support.DelegatingSmartContextLoader', parent = [null]], attributes = map[[empty]]], class annotated with @DirtiesContext [false] with mode [null], method annotated with @DirtiesContext [false] with mode [null].
2019-03-07 20:28:42 DEBUG AbstractDirtiesContextTestExecutionListener:142 - After test class: context [DefaultTestContext@102b3b1 testClass = UserDaoTest, testInstance = [null], testMethod = [null], testException = [null], mergedContextConfiguration = [MergedContextConfiguration@1ea3742 testClass = UserDaoTest, locations = '{classpath:/bean.xml}', classes = '{}', contextInitializerClasses = '[]', activeProfiles = '{}', propertySourceLocations = '{}', propertySourceProperties = '{}', contextCustomizers = set[[empty]], contextLoader = 'org.springframework.test.context.support.DelegatingSmartContextLoader', parent = [null]], attributes = map[[empty]]], class annotated with @DirtiesContext [false] with mode [null].
2019-03-07 20:28:42 DEBUG GenericApplicationContext:1002 - Closing org.springframework.context.support.GenericApplicationContext@10143d3, started on Thu Mar 07 20:28:42 GMT+08:00 2019
2019-03-07 20:29:10  INFO DefaultTestContextBootstrapper:248 - Loaded default TestExecutionListener class names from location [META-INF/spring.factories]: [org.springframework.test.context.web.ServletTestExecutionListener, org.springframework.test.context.support.DirtiesContextBeforeModesTestExecutionListener, org.springframework.test.context.support.DependencyInjectionTestExecutionListener, org.springframework.test.context.support.DirtiesContextTestExecutionListener, org.springframework.test.context.transaction.TransactionalTestExecutionListener, org.springframework.test.context.jdbc.SqlScriptsTestExecutionListener]
2019-03-07 20:29:10  INFO DefaultTestContextBootstrapper:177 - Using TestExecutionListeners: [org.springframework.test.context.support.DirtiesContextBeforeModesTestExecutionListener@5cb137, org.springframework.test.context.support.DependencyInjectionTestExecutionListener@41eaa2, org.springframework.test.context.support.DirtiesContextTestExecutionListener@d62f43]
2019-03-07 20:29:11  INFO UserDaoImpl:9 - 连接数据库。。。
2019-03-07 20:29:11  INFO UserDaoImpl:10 - 开始进行插入操作。。。
